# JRE version: Java(TM) SE Runtime Environment (17.0.10+11) (build 17.0.10+11-LTS-240)
# Java VM: Java HotSpot(TM) 64-Bit Server VM (17.0.10+11-LTS-240, mixed mode, emulated-client, sharing, tiered, compressed oops, compressed class ptrs, g1 gc, windows-amd64)
GC Precious Log:
 CPUs: 16 total, 16 available
 Memory: 15943M
 Large Page Support: Disabled
 NUMA Support: Disabled
 Compressed Oops: Enabled (Zero based)
 Heap Region Size: 2M
 Heap Min Capacity: 8M
 Heap Initial Capacity: 250M
 Heap Max Capacity: 3986M
 Pre-touch: Disabled
 Parallel Workers: 13
 Concurrent Workers: 3
 Concurrent Refinement Workers: 13
 Periodic GC: Disabled
Heap:
 garbage-first heap   total 116736K, used 70275K [0x0000000706e00000, 0x0000000800000000)
  region size 2048K, 18 young (36864K), 1 survivors (2048K)
 Metaspace       used 71857K, committed 72448K, reserved 1114112K
  class space    used 10496K, committed 10816K, reserved 1048576K
GC Heap History (20 events):
Event: 2.721 GC heap before
{Heap before GC invocations=6 (full 0):
 garbage-first heap   total 69632K, used 19399K [0x0000000706e00000, 0x0000000800000000)
  region size 2048K, 3 young (6144K), 2 survivors (4096K)
 Metaspace       used 24850K, committed 25280K, reserved 1114112K
  class space    used 3439K, committed 3648K, reserved 1048576K
}
Event: 2.724 GC heap after
{Heap after GC invocations=7 (full 0):
 garbage-first heap   total 69632K, used 17910K [0x0000000706e00000, 0x0000000800000000)
  region size 2048K, 1 young (2048K), 1 survivors (2048K)
 Metaspace       used 24850K, committed 25280K, reserved 1114112K
  class space    used 3439K, committed 3648K, reserved 1048576K
}
Event: 3.110 GC heap before
{Heap before GC invocations=7 (full 0):
 garbage-first heap   total 69632K, used 44534K [0x0000000706e00000, 0x0000000800000000)
  region size 2048K, 14 young (28672K), 1 survivors (2048K)
 Metaspace       used 28729K, committed 29184K, reserved 1114112K
  class space    used 3988K, committed 4160K, reserved 1048576K
}
Event: 3.112 GC heap after
{Heap after GC invocations=8 (full 0):
 garbage-first heap   total 69632K, used 19546K [0x0000000706e00000, 0x0000000800000000)
  region size 2048K, 2 young (4096K), 2 survivors (4096K)
 Metaspace       used 28729K, committed 29184K, reserved 1114112K
  class space    used 3988K, committed 4160K, reserved 1048576K
}
Event: 3.579 GC heap before
{Heap before GC invocations=8 (full 0):
 garbage-first heap   total 69632K, used 46170K [0x0000000706e00000, 0x0000000800000000)
  region size 2048K, 15 young (30720K), 2 survivors (4096K)
 Metaspace       used 33339K, committed 33792K, reserved 1114112K
  class space    used 4673K, committed 4928K, reserved 1048576K
}
Event: 3.583 GC heap after
{Heap after GC invocations=9 (full 0):
 garbage-first heap   total 69632K, used 20805K [0x0000000706e00000, 0x0000000800000000)
  region size 2048K, 1 young (2048K), 1 survivors (2048K)
 Metaspace       used 33339K, committed 33792K, reserved 1114112K
  class space    used 4673K, committed 4928K, reserved 1048576K
}
Event: 3.772 GC heap before
{Heap before GC invocations=9 (full 0):
 garbage-first heap   total 69632K, used 31045K [0x0000000706e00000, 0x0000000800000000)
  region size 2048K, 7 young (14336K), 1 survivors (2048K)
 Metaspace       used 35475K, committed 35968K, reserved 1114112K
  class space    used 5017K, committed 5248K, reserved 1048576K
}
Event: 3.774 GC heap after
{Heap after GC invocations=10 (full 0):
 garbage-first heap   total 69632K, used 21336K [0x0000000706e00000, 0x0000000800000000)
  region size 2048K, 1 young (2048K), 1 survivors (2048K)
 Metaspace       used 35475K, committed 35968K, reserved 1114112K
  class space    used 5017K, committed 5248K, reserved 1048576K
}
Event: 4.410 GC heap before
{Heap before GC invocations=11 (full 0):
 garbage-first heap   total 69632K, used 50008K [0x0000000706e00000, 0x0000000800000000)
  region size 2048K, 16 young (32768K), 1 survivors (2048K)
 Metaspace       used 41841K, committed 42304K, reserved 1114112K
  class space    used 5863K, committed 6080K, reserved 1048576K
}
Event: 4.412 GC heap after
{Heap after GC invocations=12 (full 0):
 garbage-first heap   total 69632K, used 23514K [0x0000000706e00000, 0x0000000800000000)
  region size 2048K, 2 young (4096K), 2 survivors (4096K)
 Metaspace       used 41841K, committed 42304K, reserved 1114112K
  class space    used 5863K, committed 6080K, reserved 1048576K
}
Event: 4.425 GC heap before
{Heap before GC invocations=12 (full 0):
 garbage-first heap   total 69632K, used 23514K [0x0000000706e00000, 0x0000000800000000)
  region size 2048K, 3 young (6144K), 2 survivors (4096K)
 Metaspace       used 41902K, committed 42368K, reserved 1114112K
  class space    used 5878K, committed 6080K, reserved 1048576K
}
Event: 4.428 GC heap after
{Heap after GC invocations=13 (full 0):
 garbage-first heap   total 69632K, used 23579K [0x0000000706e00000, 0x0000000800000000)
  region size 2048K, 1 young (2048K), 1 survivors (2048K)
 Metaspace       used 41902K, committed 42368K, reserved 1114112K
  class space    used 5878K, committed 6080K, reserved 1048576K
}
Event: 4.852 GC heap before
{Heap before GC invocations=13 (full 0):
 garbage-first heap   total 69632K, used 48155K [0x0000000706e00000, 0x0000000800000000)
  region size 2048K, 14 young (28672K), 1 survivors (2048K)
 Metaspace       used 48395K, committed 48832K, reserved 1114112K
  class space    used 6910K, committed 7104K, reserved 1048576K
}
Event: 4.854 GC heap after
{Heap after GC invocations=14 (full 0):
 garbage-first heap   total 139264K, used 24370K [0x0000000706e00000, 0x0000000800000000)
  region size 2048K, 1 young (2048K), 1 survivors (2048K)
 Metaspace       used 48395K, committed 48832K, reserved 1114112K
  class space    used 6910K, committed 7104K, reserved 1048576K
}
Event: 6.462 GC heap before
{Heap before GC invocations=14 (full 0):
 garbage-first heap   total 139264K, used 81714K [0x0000000706e00000, 0x0000000800000000)
  region size 2048K, 30 young (61440K), 1 survivors (2048K)
 Metaspace       used 59537K, committed 60096K, reserved 1114112K
  class space    used 8495K, committed 8768K, reserved 1048576K
}
Event: 6.467 GC heap after
{Heap after GC invocations=15 (full 0):
 garbage-first heap   total 139264K, used 29383K [0x0000000706e00000, 0x0000000800000000)
  region size 2048K, 4 young (8192K), 4 survivors (8192K)
 Metaspace       used 59537K, committed 60096K, reserved 1114112K
  class space    used 8495K, committed 8768K, reserved 1048576K
}
Event: 7.612 GC heap before
{Heap before GC invocations=16 (full 0):
 garbage-first heap   total 116736K, used 90823K [0x0000000706e00000, 0x0000000800000000)
  region size 2048K, 34 young (69632K), 4 survivors (8192K)
 Metaspace       used 68309K, committed 68928K, reserved 1114112K
  class space    used 9953K, committed 10240K, reserved 1048576K
}
Event: 7.617 GC heap after
{Heap after GC invocations=17 (full 0):
 garbage-first heap   total 116736K, used 35641K [0x0000000706e00000, 0x0000000800000000)
  region size 2048K, 5 young (10240K), 5 survivors (10240K)
 Metaspace       used 68309K, committed 68928K, reserved 1114112K
  class space    used 9953K, committed 10240K, reserved 1048576K
}
Event: 7.638 GC heap before
{Heap before GC invocations=17 (full 0):
 garbage-first heap   total 116736K, used 37689K [0x0000000706e00000, 0x0000000800000000)
  region size 2048K, 6 young (12288K), 5 survivors (10240K)
 Metaspace       used 68369K, committed 68992K, reserved 1114112K
  class space    used 9956K, committed 10240K, reserved 1048576K
}
Event: 7.643 GC heap after
{Heap after GC invocations=18 (full 0):
 garbage-first heap   total 116736K, used 37507K [0x0000000706e00000, 0x0000000800000000)
  region size 2048K, 1 young (2048K), 1 survivors (2048K)
 Metaspace       used 68369K, committed 68992K, reserved 1114112K
  class space    used 9956K, committed 10240K, reserved 1048576K
}

